SF:/home/dev/project/fw/fastro/core/loader.ts
FN:24,autoRegisterModules
FNDA:15,autoRegisterModules
FNF:1
FNH:1
BRDA:30,1,0,25
BRDA:31,1,1,24
BRDA:44,1,2,24
BRDA:48,1,3,21
BRDA:50,1,4,18
BRDA:53,1,5,3
BRDA:53,1,6,2
BRDA:58,1,7,1
BRDA:63,1,8,3
BRDA:65,1,9,1
BRDA:67,1,10,2
BRDA:37,2,0,4
BRDA:37,2,1,8
BRDA:38,2,2,2
BRDA:38,2,3,6
BRDA:39,2,4,1
BRDA:39,2,5,5
BRDA:40,2,6,3
BRDA:40,2,7,2
BRF:19
BRH:19
DA:24,1
DA:25,1
DA:27,16
DA:28,16
DA:30,16
DA:31,41
DA:32,65
DA:33,65
DA:34,41
DA:36,16
DA:37,28
DA:38,28
DA:39,28
DA:40,28
DA:41,30
DA:42,16
DA:44,16
DA:45,40
DA:47,40
DA:48,40
DA:50,40
DA:51,58
DA:52,58
DA:53,40
DA:54,45
DA:55,45
DA:56,45
DA:58,43
DA:59,44
DA:60,44
DA:62,44
DA:63,40
DA:64,43
DA:65,43
DA:66,44
DA:67,44
DA:68,45
DA:69,45
DA:70,40
DA:71,16
LH:40
LF:40
end_of_record
SF:/home/dev/project/fw/fastro/core/router.ts
FN:10,toResponse
FN:27,build
FN:43,tryRoute
FN:59,dispatch
FN:84,dispatch
FN:99,matchPath
FN:144,<instance_members_initializer>
FN:153,get
FN:165,post
FN:173,put
FN:181,delete
FN:189,patch
FN:197,head
FN:205,options
FN:214,build
FN:231,createRouter
FNDA:33,toResponse
FNDA:31,build
FNDA:38,tryRoute
FNDA:38,dispatch
FNDA:4,dispatch
FNDA:47,matchPath
FNDA:12,<instance_members_initializer>
FNDA:6,get
FNDA:2,post
FNDA:1,put
FNDA:1,delete
FNDA:1,patch
FNDA:1,head
FNDA:1,options
FNDA:12,build
FNDA:12,createRouter
FNF:16
FNH:16
BRDA:14,1,0,2
BRDA:14,1,1,31
BRDA:78,3,0,4
BRDA:79,3,1,1
BRDA:79,3,2,3
BRDA:83,3,3,2
BRDA:93,3,4,32
BRDA:44,4,0,36
BRDA:46,4,1,2
BRDA:46,4,2,34
BRDA:49,4,3,31
BRDA:52,4,4,28
BRDA:52,4,5,28
BRDA:58,4,6,15
BRDA:68,4,7,5
BRDA:70,4,8,4
BRDA:70,4,9,4
BRDA:72,4,10,7
BRDA:60,5,0,8
BRDA:62,5,1,30
BRDA:85,8,0,1
BRDA:87,8,1,3
BRDA:106,11,0,3
BRDA:106,11,1,44
BRDA:110,11,2,96
BRDA:114,11,3,7
BRDA:115,11,4,1
BRDA:115,11,5,6
BRDA:117,11,6,89
BRDA:117,11,7,5
BRDA:120,11,8,38
BRF:31
BRH:31
DA:10,34
DA:11,34
DA:13,34
DA:14,34
DA:15,34
DA:27,1
DA:28,32
DA:32,32
DA:34,32
DA:35,32
DA:36,32
DA:37,32
DA:39,68
DA:40,68
DA:41,68
DA:43,68
DA:44,106
DA:45,142
DA:46,142
DA:48,176
DA:49,142
DA:52,173
DA:53,804
DA:54,201
DA:56,173
DA:58,173
DA:59,173
DA:60,211
DA:61,219
DA:62,219
DA:63,241
DA:64,173
DA:66,173
DA:67,173
DA:68,142
DA:70,106
DA:71,110
DA:72,110
DA:73,113
DA:74,106
DA:77,68
DA:78,68
DA:79,72
DA:81,75
DA:82,225
DA:83,72
DA:84,72
DA:85,76
DA:86,77
DA:87,77
DA:88,79
DA:89,79
DA:91,72
DA:92,72
DA:93,72
DA:95,100
DA:96,32
DA:97,32
DA:99,1
DA:100,1
DA:101,1
DA:103,48
DA:104,48
DA:106,48
DA:108,92
DA:110,48
DA:111,144
DA:112,144
DA:114,144
DA:115,151
DA:116,157
DA:117,144
DA:118,238
DA:119,238
DA:120,144
DA:122,258
DA:123,48
DA:128,1
DA:143,1
DA:144,1
DA:153,1
DA:154,42
DA:155,7
DA:156,7
DA:165,1
DA:166,18
DA:167,3
DA:168,3
DA:173,1
DA:174,12
DA:175,2
DA:176,2
DA:181,1
DA:182,12
DA:183,2
DA:184,2
DA:189,1
DA:190,12
DA:191,2
DA:192,2
DA:197,1
DA:198,12
DA:199,2
DA:200,2
DA:205,1
DA:206,12
DA:207,2
DA:208,2
DA:214,1
DA:215,13
DA:216,13
DA:217,1
DA:231,1
DA:232,13
DA:233,13
LH:115
LF:115
end_of_record
SF:/home/dev/project/fw/fastro/core/server.ts
FN:7,use
FN:11,registerRoute
FN:35,get
FN:43,post
FN:51,put
FN:59,delete_
FN:67,extractParamNames
FN:75,serve
FN:96,escape
FN:122,parseQuery
FN:132,rootNext
FN:136,toResponse
FN:157,handler
FN:172,get url
FN:202,get url
FN:231,get url
FN:236,runFinal
FN:290,tryRoute
FN:394,applyMiddlewares
FN:401,dispatch
FN:411,close
FN:415,_resetForTests
FN:421,_getRoutesForTests
FNDA:17,use
FNDA:94,registerRoute
FNDA:86,get
FNDA:4,post
FNDA:2,put
FNDA:2,delete_
FNDA:94,extractParamNames
FNDA:80,serve
FNDA:67,escape
FNDA:5,parseQuery
FNDA:1,rootNext
FNDA:106,toResponse
FNDA:117,handler
FNDA:1,get url
FNDA:1,get url
FNDA:7,get url
FNDA:100,runFinal
FNDA:88,tryRoute
FNDA:43,applyMiddlewares
FNDA:86,dispatch
FNDA:78,close
FNDA:97,_resetForTests
FNDA:14,_getRoutesForTests
FNF:23
FNH:23
BRDA:17,2,0,89
BRDA:18,2,1,5
BRDA:27,2,2,89
BRDA:29,2,3,5
BRDA:31,2,4,2
BRDA:31,2,5,3
BRDA:68,7,0,89
BRDA:69,7,1,5
BRDA:70,7,2,2
BRDA:71,7,3,1
BRDA:71,7,4,93
BRDA:86,9,0,74
BRDA:107,9,1,81
BRDA:109,9,2,76
BRDA:113,9,3,3
BRDA:113,9,4,3
BRDA:114,9,5,0
BRDA:117,9,6,3
BRDA:150,9,7,10
BRDA:150,9,8,70
BRDA:151,9,9,10
BRDA:152,9,10,70
BRDA:154,9,11,10
BRDA:154,9,12,9
BRDA:92,10,0,3
BRDA:92,10,1,3
BRDA:92,10,2,0
BRDA:95,10,3,3
BRDA:103,10,4,66
BRDA:103,10,5,15
BRDA:98,12,0,96
BRDA:98,12,1,74
BRDA:99,12,2,7
BRDA:99,12,3,67
BRDA:137,15,0,31
BRDA:137,15,1,75
BRDA:138,15,2,55
BRDA:138,15,3,81
BRDA:138,15,4,20
BRDA:139,15,5,15
BRDA:139,15,6,5
BRDA:148,16,0,11
BRDA:165,17,0,112
BRDA:165,17,1,7
BRDA:167,17,2,5
BRDA:177,17,3,1
BRDA:177,17,4,4
BRDA:177,17,5,3
BRDA:178,17,6,1
BRDA:178,17,7,2
BRDA:181,17,8,112
BRDA:189,17,9,107
BRDA:190,17,10,5
BRDA:194,17,11,28
BRDA:194,17,12,20
BRDA:195,17,13,4
BRDA:195,17,14,19
BRDA:195,17,15,16
BRDA:197,17,16,8
BRDA:218,17,17,2
BRDA:218,17,18,6
BRDA:219,17,19,4
BRDA:219,17,20,2
BRDA:222,17,21,100
BRDA:226,17,22,5
BRDA:226,17,23,95
BRDA:229,17,24,5
BRDA:229,17,25,5
BRDA:229,17,26,95
BRDA:286,17,27,81
BRDA:286,17,28,19
BRDA:232,21,0,6
BRDA:237,22,0,16
BRDA:238,22,1,2
BRDA:238,22,2,14
BRDA:242,22,3,5
BRDA:261,22,4,9
BRDA:282,22,5,84
BRDA:300,26,0,83
BRDA:302,26,1,81
BRDA:309,26,2,3
BRDA:311,26,3,3
BRDA:314,26,4,2
BRDA:315,26,5,2
BRDA:315,26,6,1
BRDA:316,26,7,78
BRDA:319,26,8,71
BRDA:321,26,9,73
BRDA:323,26,10,5
BRDA:324,26,11,7
BRDA:325,26,12,6
BRDA:325,26,13,1
BRDA:330,26,14,69
BRDA:330,26,15,69
BRDA:331,26,16,3
BRDA:342,26,17,58
BRDA:357,26,18,15
BRDA:384,26,19,10
BRDA:385,26,20,15
BRDA:385,26,21,15
BRDA:386,26,22,5
BRDA:402,31,0,43
BRF:102
BRH:100
DA:3,2
DA:4,2
DA:5,2
DA:7,19
DA:8,19
DA:9,19
DA:11,96
DA:12,96
DA:13,96
DA:14,96
DA:15,96
DA:17,96
DA:18,377
DA:19,96
DA:20,96
DA:21,96
DA:22,96
DA:23,96
DA:24,96
DA:25,96
DA:26,96
DA:27,96
DA:28,185
DA:29,96
DA:30,101
DA:31,101
DA:32,101
DA:33,96
DA:35,88
DA:36,88
DA:37,88
DA:38,88
DA:40,88
DA:41,88
DA:43,6
DA:44,6
DA:45,6
DA:46,6
DA:48,6
DA:49,6
DA:51,4
DA:52,4
DA:53,4
DA:54,4
DA:56,4
DA:57,4
DA:59,4
DA:60,4
DA:61,4
DA:62,4
DA:64,4
DA:65,4
DA:67,96
DA:68,96
DA:69,96
DA:70,96
DA:71,96
DA:72,189
DA:73,96
DA:75,82
DA:76,82
DA:78,82
DA:86,82
DA:90,82
DA:91,163
DA:92,0
DA:93,0
DA:94,0
DA:95,163
DA:96,163
DA:97,163
DA:98,333
DA:99,333
DA:100,400
DA:101,163
DA:102,163
DA:103,163
DA:104,82
DA:106,82
DA:107,82
DA:108,163
DA:109,163
DA:111,239
DA:112,0
DA:113,0
DA:114,0
DA:115,0
DA:116,0
DA:117,239
DA:118,239
DA:119,239
DA:120,163
DA:122,82
DA:123,82
DA:125,87
DA:126,87
DA:127,87
DA:128,87
DA:129,87
DA:130,82
DA:132,82
DA:133,83
DA:134,82
DA:136,82
DA:137,188
DA:138,188
DA:139,269
DA:140,193
DA:141,82
DA:143,82
DA:144,82
DA:146,82
DA:147,82
DA:148,82
DA:150,82
DA:151,82
DA:152,82
DA:153,82
DA:154,82
DA:155,82
DA:157,82
DA:158,82
DA:159,82
DA:161,199
DA:162,199
DA:165,199
DA:166,206
DA:167,206
DA:168,211
DA:169,211
DA:170,211
DA:171,211
DA:172,211
DA:173,212
DA:174,212
DA:175,211
DA:176,211
DA:177,211
DA:178,215
DA:179,217
DA:180,217
DA:181,206
DA:183,311
DA:184,311
DA:186,311
DA:187,311
DA:188,311
DA:189,199
DA:190,199
DA:191,199
DA:194,199
DA:195,665
DA:196,254
DA:197,238
DA:198,246
DA:199,246
DA:200,246
DA:201,246
DA:202,246
DA:203,247
DA:204,247
DA:205,246
DA:206,246
DA:207,247
DA:208,247
DA:209,247
DA:210,247
DA:211,247
DA:212,247
DA:213,247
DA:214,247
DA:215,247
DA:217,246
DA:218,246
DA:219,252
DA:220,254
DA:221,254
DA:222,219
DA:225,299
DA:226,199
DA:227,199
DA:228,199
DA:229,199
DA:230,199
DA:231,199
DA:232,206
DA:233,206
DA:234,199
DA:236,199
DA:237,299
DA:238,949
DA:239,329
DA:240,329
DA:242,315
DA:243,320
DA:244,0
DA:245,0
DA:246,0
DA:247,0
DA:248,0
DA:249,0
DA:250,0
DA:251,0
DA:252,0
DA:253,0
DA:254,0
DA:255,0
DA:256,0
DA:257,0
DA:261,320
DA:263,0
DA:264,0
DA:265,0
DA:266,0
DA:267,0
DA:268,0
DA:269,0
DA:270,0
DA:271,0
DA:272,0
DA:273,0
DA:274,0
DA:275,0
DA:276,0
DA:277,0
DA:280,0
DA:282,324
DA:283,383
DA:284,199
DA:286,199
DA:287,218
DA:288,82
DA:290,82
DA:291,82
DA:292,82
DA:293,82
DA:294,82
DA:295,82
DA:296,82
DA:297,82
DA:298,82
DA:300,170
DA:301,253
DA:302,253
DA:305,334
DA:306,334
DA:307,334
DA:308,334
DA:309,334
DA:310,334
DA:311,334
DA:313,337
DA:314,337
DA:315,337
DA:316,334
DA:317,412
DA:318,412
DA:319,412
DA:320,412
DA:321,334
DA:322,407
DA:323,407
DA:324,412
DA:325,419
DA:326,419
DA:327,412
DA:328,407
DA:330,407
DA:331,476
DA:332,479
DA:333,479
DA:334,476
DA:335,476
DA:336,476
DA:337,476
DA:338,476
DA:339,476
DA:342,407
DA:343,465
DA:344,465
DA:345,465
DA:346,465
DA:347,465
DA:348,465
DA:349,465
DA:350,465
DA:351,465
DA:352,465
DA:353,465
DA:354,465
DA:357,465
DA:359,0
DA:360,0
DA:361,0
DA:362,0
DA:363,0
DA:364,0
DA:365,0
DA:366,0
DA:367,0
DA:368,0
DA:369,0
DA:370,0
DA:371,0
DA:372,0
DA:373,0
DA:374,0
DA:375,0
DA:376,0
DA:380,0
DA:382,422
DA:383,334
DA:384,253
DA:385,170
DA:386,185
DA:387,190
DA:388,190
DA:389,185
DA:390,185
DA:391,555
DA:392,170
DA:394,82
DA:395,82
DA:396,82
DA:397,82
DA:398,82
DA:400,125
DA:401,125
DA:402,211
DA:403,254
DA:404,125
DA:405,125
DA:406,125
DA:408,328
DA:409,82
DA:410,82
DA:411,82
DA:412,82
DA:413,82
DA:415,2
DA:416,99
DA:417,99
DA:418,99
DA:419,99
DA:421,2
DA:422,16
DA:423,16
DA:425,16
DA:426,2
LH:292
LF:349
end_of_record
SF:/home/dev/project/fw/fastro/modules/a/mod.ts
FN:1,default
FNDA:0,default
FNF:1
FNH:0
BRF:0
BRH:0
DA:1,0
LH:0
LF:1
end_of_record
SF:/home/dev/project/fw/fastro/modules/index/mod.ts
FN:1,default
FNDA:0,default
FNF:1
FNH:0
BRF:0
BRH:0
DA:1,0
LH:0
LF:1
end_of_record
SF:/home/dev/project/fw/fastro/modules/profile/mod.ts
FN:1,default
FNDA:0,default
FNF:1
FNH:0
BRF:0
BRH:0
DA:1,0
LH:0
LF:1
end_of_record
SF:/home/dev/project/fw/fastro/modules/test_error_log_885bd1e8efeb49a19c0230b2c837de73/mod.ts
FNF:0
FNH:0
BRF:0
BRH:0
DA:1,1
LH:1
LF:1
end_of_record
SF:/home/dev/project/fw/fastro/modules/test_mod_default_abcecac282264e98840e0633077ffa36/mod.ts
FN:2,test_mod_default_abcecac282264e98840e0633077ffa36_mw
FNDA:0,test_mod_default_abcecac282264e98840e0633077ffa36_mw
FNF:1
FNH:0
BRF:0
BRH:0
DA:2,0
LH:0
LF:1
end_of_record
SF:/home/dev/project/fw/fastro/modules/test_mod_error_ffd32e0ab21a406dad6fd8cd2aaf18a5/mod.ts
FNF:0
FNH:0
BRF:0
BRH:0
DA:3,1
LH:1
LF:1
end_of_record
SF:/home/dev/project/fw/fastro/modules/test_mod_invalid_2f765eb4d4304f05be81087164ab61f6/mod.ts
FN:2,somethingElse
FNDA:0,somethingElse
FNF:1
FNH:0
BRF:0
BRH:0
DA:2,0
LH:0
LF:1
end_of_record
SF:/home/dev/project/fw/fastro/modules/test_mod_named_5fd5816797b349839fe138ed64c53720/mod.ts
FN:2,test_mod_named_5fd5816797b349839fe138ed64c53720
FNDA:0,test_mod_named_5fd5816797b349839fe138ed64c53720
FNF:1
FNH:0
BRF:0
BRH:0
DA:2,0
LH:0
LF:1
end_of_record
SF:/home/dev/project/fw/fastro/modules/test_multi_a_3550de645c374dd3865e95265b78392d/mod.ts
FN:1,a
FNDA:0,a
FNF:1
FNH:0
BRF:0
BRH:0
DA:1,0
LH:0
LF:1
end_of_record
SF:/home/dev/project/fw/fastro/modules/test_multi_b_64ee7306da5f466ea07bd802fd9751f2/mod.ts
FN:1,test_multi_b_64ee7306da5f466ea07bd802fd9751f2
FNDA:0,test_multi_b_64ee7306da5f466ea07bd802fd9751f2
FNF:1
FNH:0
BRF:0
BRH:0
DA:1,0
LH:0
LF:1
end_of_record
SF:/home/dev/project/fw/fastro/modules/test_sort_a_1b673827b5644b858f725bae30c8f5d8/mod.ts
FN:1,default
FNDA:0,default
FNF:1
FNH:0
BRF:0
BRH:0
DA:1,0
LH:0
LF:1
end_of_record
SF:/home/dev/project/fw/fastro/modules/test_sort_b_c8b8dfad59f24f16a37908d4509e47f2/mod.ts
FN:1,default
FNDA:0,default
FNF:1
FNH:0
BRF:0
BRH:0
DA:1,0
LH:0
LF:1
end_of_record
